<?xml version="1.0" encoding="UTF-8"?>
<coverage generated="1567314976367" clover="3.2.0">
  <project timestamp="1567314976367" name="All files">
    <metrics statements="68" coveredstatements="65" conditionals="29" coveredconditionals="25" methods="13" coveredmethods="13" elements="110" coveredelements="103" complexity="0" loc="68" ncloc="68" packages="4" files="8" classes="8">
      <package name="components">
        <metrics statements="52" coveredstatements="49" conditionals="27" coveredconditionals="23" methods="10" coveredmethods="10"/>
        <file name="FormWrapper.vue" path="/Users/yoonchiho/Documents/personal/homeworks/requirement-form/src/components/FormWrapper.vue">
          <metrics statements="25" coveredstatements="24" conditionals="13" coveredconditionals="12" methods="6" coveredmethods="6"/>
          <line num="23" count="2" type="stmt"/>
          <line num="38" count="4" type="stmt"/>
          <line num="39" count="2" type="stmt"/>
          <line num="40" count="2" type="stmt"/>
          <line num="41" count="2" type="stmt"/>
          <line num="44" count="3" type="stmt"/>
          <line num="50" count="8" type="stmt"/>
          <line num="51" count="4" type="cond" truecount="4" falsecount="1"/>
          <line num="52" count="2" type="stmt"/>
          <line num="53" count="1" type="stmt"/>
          <line num="54" count="1" type="stmt"/>
          <line num="55" count="0" type="stmt"/>
          <line num="61" count="17" type="cond" truecount="2" falsecount="0"/>
          <line num="62" count="13" type="stmt"/>
          <line num="64" count="7" type="stmt"/>
          <line num="65" count="4" type="cond" truecount="2" falsecount="0"/>
          <line num="68" count="2" type="cond" truecount="2" falsecount="0"/>
          <line num="69" count="1" type="stmt"/>
          <line num="74" count="2" type="stmt"/>
          <line num="75" count="3" type="stmt"/>
          <line num="76" count="2" type="cond" truecount="2" falsecount="0"/>
          <line num="77" count="1" type="stmt"/>
          <line num="79" count="1" type="stmt"/>
          <line num="84" count="2" type="stmt"/>
          <line num="85" count="2" type="stmt"/>
        </file>
        <file name="Main.vue" path="/Users/yoonchiho/Documents/personal/homeworks/requirement-form/src/components/Main.vue">
          <metrics statements="27" coveredstatements="25" conditionals="14" coveredconditionals="11" methods="4" coveredmethods="4"/>
          <line num="19" count="1" type="stmt"/>
          <line num="20" count="1" type="stmt"/>
          <line num="25" count="2" type="stmt"/>
          <line num="26" count="2" type="stmt"/>
          <line num="29" count="2" type="stmt"/>
          <line num="37" count="7" type="stmt"/>
          <line num="42" count="16" type="stmt"/>
          <line num="43" count="16" type="cond" truecount="2" falsecount="0"/>
          <line num="44" count="1" type="stmt"/>
          <line num="45" count="1" type="stmt"/>
          <line num="47" count="51" type="stmt"/>
          <line num="48" count="15" type="cond" truecount="4" falsecount="0"/>
          <line num="49" count="4" type="stmt"/>
          <line num="50" count="4" type="stmt"/>
          <line num="52" count="11" type="stmt"/>
          <line num="55" count="5" type="cond" truecount="3" falsecount="1"/>
          <line num="56" count="0" type="stmt"/>
          <line num="58" count="5" type="stmt"/>
          <line num="59" count="5" type="stmt"/>
          <line num="62" count="2" type="cond" truecount="1" falsecount="1"/>
          <line num="63" count="0" type="stmt"/>
          <line num="65" count="2" type="stmt"/>
          <line num="66" count="8" type="cond" truecount="1" falsecount="1"/>
          <line num="67" count="8" type="stmt"/>
          <line num="72" count="2" type="stmt"/>
          <line num="76" count="2" type="stmt"/>
          <line num="77" count="2" type="stmt"/>
        </file>
      </package>
      <package name="components.Forms">
        <metrics statements="13" coveredstatements="13" conditionals="2" coveredconditionals="2" methods="2" coveredmethods="2"/>
        <file name="CheckBox.vue" path="/Users/yoonchiho/Documents/personal/homeworks/requirement-form/src/components/Forms/CheckBox.vue">
          <metrics statements="8" coveredstatements="8" conditionals="2" coveredconditionals="2" methods="2" coveredmethods="2"/>
          <line num="33" count="5" type="stmt"/>
          <line num="37" count="5" type="stmt"/>
          <line num="45" count="9" type="stmt"/>
          <line num="51" count="3" type="stmt"/>
          <line num="52" count="2" type="cond" truecount="2" falsecount="0"/>
          <line num="53" count="1" type="stmt"/>
          <line num="55" count="1" type="stmt"/>
          <line num="57" count="2" type="stmt"/>
        </file>
        <file name="Radio.vue" path="/Users/yoonchiho/Documents/personal/homeworks/requirement-form/src/components/Forms/Radio.vue">
          <metrics statements="1" coveredstatements="1" conditionals="0" coveredconditionals="0" methods="0" coveredmethods="0"/>
          <line num="37" count="1" type="stmt"/>
        </file>
        <file name="SelectBox.vue" path="/Users/yoonchiho/Documents/personal/homeworks/requirement-form/src/components/Forms/SelectBox.vue">
          <metrics statements="1" coveredstatements="1" conditionals="0" coveredconditionals="0" methods="0" coveredmethods="0"/>
          <line num="37" count="1" type="stmt"/>
        </file>
        <file name="TextInput.vue" path="/Users/yoonchiho/Documents/personal/homeworks/requirement-form/src/components/Forms/TextInput.vue">
          <metrics statements="3" coveredstatements="3" conditionals="0" coveredconditionals="0" methods="0" coveredmethods="0"/>
          <line num="19" count="1" type="stmt"/>
          <line num="27" count="1" type="stmt"/>
          <line num="33" count="1" type="stmt"/>
        </file>
      </package>
      <package name="config">
        <metrics statements="1" coveredstatements="1" conditionals="0" coveredconditionals="0" methods="0" coveredmethods="0"/>
        <file name="constants.js" path="/Users/yoonchiho/Documents/personal/homeworks/requirement-form/src/config/constants.js">
          <metrics statements="1" coveredstatements="1" conditionals="0" coveredconditionals="0" methods="0" coveredmethods="0"/>
          <line num="1" count="2" type="stmt"/>
        </file>
      </package>
      <package name="utils">
        <metrics statements="2" coveredstatements="2" conditionals="0" coveredconditionals="0" methods="1" coveredmethods="1"/>
        <file name="alert.js" path="/Users/yoonchiho/Documents/personal/homeworks/requirement-form/src/utils/alert.js">
          <metrics statements="2" coveredstatements="2" conditionals="0" coveredconditionals="0" methods="1" coveredmethods="1"/>
          <line num="1" count="1" type="stmt"/>
          <line num="2" count="5" type="stmt"/>
        </file>
      </package>
    </metrics>
  </project>
</coverage>
