{"/Users/yoonchiho/Documents/personal/homeworks/requirement-form/src/components/FormWrapper.vue": {"path":"/Users/yoonchiho/Documents/personal/homeworks/requirement-form/src/components/FormWrapper.vue","statementMap":{"0":{"start":{"line":23,"column":0},"end":{"line":null,"column":-1}},"1":{"start":{"line":38,"column":0},"end":{"line":null,"column":-1}},"2":{"start":{"line":39,"column":0},"end":{"line":null,"column":-1}},"3":{"start":{"line":40,"column":0},"end":{"line":null,"column":-1}},"4":{"start":{"line":41,"column":0},"end":{"line":null,"column":-1}},"5":{"start":{"line":44,"column":0},"end":{"line":null,"column":-1}},"6":{"start":{"line":50,"column":0},"end":{"line":null,"column":-1}},"7":{"start":{"line":51,"column":0},"end":{"line":null,"column":-1}},"8":{"start":{"line":52,"column":0},"end":{"line":null,"column":-1}},"9":{"start":{"line":53,"column":0},"end":{"line":null,"column":-1}},"10":{"start":{"line":54,"column":0},"end":{"line":null,"column":-1}},"11":{"start":{"line":55,"column":0},"end":{"line":null,"column":-1}},"12":{"start":{"line":61,"column":0},"end":{"line":63,"column":0}},"13":{"start":{"line":62,"column":0},"end":{"line":null,"column":-1}},"14":{"start":{"line":64,"column":0},"end":{"line":null,"column":-1}},"15":{"start":{"line":65,"column":0},"end":{"line":null,"column":-1}},"16":{"start":{"line":68,"column":0},"end":{"line":73,"column":0}},"17":{"start":{"line":69,"column":0},"end":{"line":null,"column":-1}},"18":{"start":{"line":74,"column":0},"end":{"line":null,"column":-1}},"19":{"start":{"line":75,"column":0},"end":{"line":null,"column":-1}},"20":{"start":{"line":76,"column":0},"end":{"line":83,"column":0}},"21":{"start":{"line":77,"column":0},"end":{"line":null,"column":-1}},"22":{"start":{"line":79,"column":0},"end":{"line":null,"column":-1}},"23":{"start":{"line":84,"column":0},"end":{"line":null,"column":-1}},"24":{"start":{"line":85,"column":0},"end":{"line":null,"column":-1}}},"fnMap":{"0":{"name":"(anonymous_1)","decl":{"start":{"line":38,"column":0},"end":{"line":null,"column":-1}},"loc":{"start":{"line":38,"column":0},"end":{"line":null,"column":-1}}},"1":{"name":"(anonymous_3)","decl":{"start":{"line":39,"column":0},"end":{"line":null,"column":-1}},"loc":{"start":{"line":39,"column":0},"end":{"line":null,"column":-1}}},"2":{"name":"(anonymous_5)","decl":{"start":{"line":40,"column":0},"end":{"line":null,"column":-1}},"loc":{"start":{"line":40,"column":0},"end":{"line":null,"column":-1}}},"3":{"name":"(anonymous_7)","decl":{"start":{"line":41,"column":0},"end":{"line":null,"column":-1}},"loc":{"start":{"line":41,"column":0},"end":{"line":null,"column":-1}}},"4":{"name":"(anonymous_9)","decl":{"start":{"line":64,"column":0},"end":{"line":null,"column":-1}},"loc":{"start":{"line":64,"column":0},"end":{"line":null,"column":-1}}},"5":{"name":"(anonymous_10)","decl":{"start":{"line":75,"column":0},"end":{"line":null,"column":-1}},"loc":{"start":{"line":75,"column":0},"end":{"line":null,"column":-1}}}},"branchMap":{"0":{"loc":{"start":{"line":51,"column":0},"end":{"line":null,"column":-1}},"type":"switch","locations":[{"start":{"line":51,"column":0},"end":{"line":null,"column":-1}},{"start":{"line":52,"column":0},"end":{"line":null,"column":-1}},{"start":{"line":53,"column":0},"end":{"line":null,"column":-1}},{"start":{"line":54,"column":0},"end":{"line":null,"column":-1}},{"start":{"line":55,"column":0},"end":{"line":null,"column":-1}}]},"1":{"loc":{"start":{"line":61,"column":0},"end":{"line":63,"column":0}},"type":"if","locations":[{"start":{"line":61,"column":0},"end":{"line":63,"column":0}},{"start":{"line":61,"column":0},"end":{"line":63,"column":0}}]},"2":{"loc":{"start":{"line":65,"column":0},"end":{"line":null,"column":-1}},"type":"cond-expr","locations":[{"start":{"line":65,"column":0},"end":{"line":null,"column":-1}},{"start":{"line":65,"column":0},"end":{"line":null,"column":-1}}]},"3":{"loc":{"start":{"line":68,"column":0},"end":{"line":73,"column":0}},"type":"if","locations":[{"start":{"line":68,"column":0},"end":{"line":73,"column":0}},{"start":{"line":68,"column":0},"end":{"line":73,"column":0}}]},"4":{"loc":{"start":{"line":76,"column":0},"end":{"line":83,"column":0}},"type":"if","locations":[{"start":{"line":76,"column":0},"end":{"line":83,"column":0}},{"start":{"line":76,"column":0},"end":{"line":83,"column":0}}]}},"s":{"0":2,"1":4,"2":2,"3":2,"4":2,"5":3,"6":8,"7":4,"8":2,"9":1,"10":1,"11":0,"12":17,"13":13,"14":7,"15":4,"16":2,"17":1,"18":2,"19":3,"20":2,"21":1,"22":1,"23":2,"24":2},"f":{"0":4,"1":2,"2":2,"3":2,"4":3,"5":1},"b":{"0":[4,2,1,1,0],"1":[13,4],"2":[3,1],"3":[1,1],"4":[1,1]}}
,"/Users/yoonchiho/Documents/personal/homeworks/requirement-form/src/components/Main.vue": {"path":"/Users/yoonchiho/Documents/personal/homeworks/requirement-form/src/components/Main.vue","statementMap":{"0":{"start":{"line":19,"column":0},"end":{"line":null,"column":-1}},"1":{"start":{"line":20,"column":0},"end":{"line":null,"column":-1}},"2":{"start":{"line":25,"column":0},"end":{"line":null,"column":-1}},"3":{"start":{"line":26,"column":0},"end":{"line":null,"column":-1}},"4":{"start":{"line":29,"column":0},"end":{"line":null,"column":-1}},"5":{"start":{"line":37,"column":0},"end":{"line":null,"column":-1}},"6":{"start":{"line":42,"column":0},"end":{"line":null,"column":-1}},"7":{"start":{"line":43,"column":0},"end":{"line":46,"column":0}},"8":{"start":{"line":44,"column":0},"end":{"line":null,"column":-1}},"9":{"start":{"line":45,"column":0},"end":{"line":null,"column":-1}},"10":{"start":{"line":47,"column":0},"end":{"line":null,"column":-1}},"11":{"start":{"line":48,"column":0},"end":{"line":51,"column":0}},"12":{"start":{"line":49,"column":0},"end":{"line":null,"column":-1}},"13":{"start":{"line":50,"column":0},"end":{"line":null,"column":-1}},"14":{"start":{"line":52,"column":0},"end":{"line":null,"column":-1}},"15":{"start":{"line":55,"column":0},"end":{"line":57,"column":0}},"16":{"start":{"line":56,"column":0},"end":{"line":null,"column":-1}},"17":{"start":{"line":58,"column":0},"end":{"line":null,"column":-1}},"18":{"start":{"line":59,"column":0},"end":{"line":null,"column":-1}},"19":{"start":{"line":62,"column":0},"end":{"line":64,"column":0}},"20":{"start":{"line":63,"column":0},"end":{"line":null,"column":-1}},"21":{"start":{"line":65,"column":0},"end":{"line":71,"column":0}},"22":{"start":{"line":66,"column":0},"end":{"line":null,"column":-1}},"23":{"start":{"line":67,"column":0},"end":{"line":null,"column":-1}},"24":{"start":{"line":72,"column":0},"end":{"line":null,"column":-1}},"25":{"start":{"line":76,"column":0},"end":{"line":null,"column":-1}},"26":{"start":{"line":77,"column":0},"end":{"line":null,"column":-1}}},"fnMap":{"0":{"name":"(anonymous_1)","decl":{"start":{"line":25,"column":0},"end":{"line":null,"column":-1}},"loc":{"start":{"line":25,"column":0},"end":{"line":null,"column":-1}}},"1":{"name":"(anonymous_3)","decl":{"start":{"line":26,"column":0},"end":{"line":null,"column":-1}},"loc":{"start":{"line":26,"column":0},"end":{"line":null,"column":-1}}},"2":{"name":"(anonymous_5)","decl":{"start":{"line":47,"column":0},"end":{"line":null,"column":-1}},"loc":{"start":{"line":47,"column":0},"end":{"line":null,"column":-1}}},"3":{"name":"(anonymous_6)","decl":{"start":{"line":65,"column":0},"end":{"line":null,"column":-1}},"loc":{"start":{"line":65,"column":0},"end":{"line":71,"column":0}}}},"branchMap":{"0":{"loc":{"start":{"line":43,"column":0},"end":{"line":46,"column":0}},"type":"if","locations":[{"start":{"line":43,"column":0},"end":{"line":46,"column":0}},{"start":{"line":43,"column":0},"end":{"line":46,"column":0}}]},"1":{"loc":{"start":{"line":48,"column":0},"end":{"line":51,"column":0}},"type":"if","locations":[{"start":{"line":48,"column":0},"end":{"line":51,"column":0}},{"start":{"line":48,"column":0},"end":{"line":51,"column":0}}]},"2":{"loc":{"start":{"line":48,"column":0},"end":{"line":null,"column":-1}},"type":"binary-expr","locations":[{"start":{"line":48,"column":0},"end":{"line":null,"column":-1}},{"start":{"line":48,"column":0},"end":{"line":null,"column":-1}}]},"3":{"loc":{"start":{"line":55,"column":0},"end":{"line":57,"column":0}},"type":"if","locations":[{"start":{"line":55,"column":0},"end":{"line":57,"column":0}},{"start":{"line":55,"column":0},"end":{"line":57,"column":0}}]},"4":{"loc":{"start":{"line":55,"column":0},"end":{"line":null,"column":-1}},"type":"binary-expr","locations":[{"start":{"line":55,"column":0},"end":{"line":null,"column":-1}},{"start":{"line":55,"column":0},"end":{"line":null,"column":-1}}]},"5":{"loc":{"start":{"line":62,"column":0},"end":{"line":64,"column":0}},"type":"if","locations":[{"start":{"line":62,"column":0},"end":{"line":64,"column":0}},{"start":{"line":62,"column":0},"end":{"line":64,"column":0}}]},"6":{"loc":{"start":{"line":66,"column":0},"end":{"line":null,"column":-1}},"type":"cond-expr","locations":[{"start":{"line":66,"column":0},"end":{"line":null,"column":-1}},{"start":{"line":66,"column":0},"end":{"line":null,"column":-1}}]}},"s":{"0":1,"1":1,"2":2,"3":2,"4":2,"5":7,"6":16,"7":16,"8":1,"9":1,"10":51,"11":15,"12":4,"13":4,"14":11,"15":5,"16":0,"17":5,"18":5,"19":2,"20":0,"21":2,"22":8,"23":8,"24":2,"25":2,"26":2},"f":{"0":2,"1":2,"2":36,"3":8},"b":{"0":[1,15],"1":[4,11],"2":[16,29],"3":[0,5],"4":[5,4],"5":[0,2],"6":[0,8]}}
,"/Users/yoonchiho/Documents/personal/homeworks/requirement-form/src/components/Forms/CheckBox.vue": {"path":"/Users/yoonchiho/Documents/personal/homeworks/requirement-form/src/components/Forms/CheckBox.vue","statementMap":{"0":{"start":{"line":33,"column":0},"end":{"line":null,"column":-1}},"1":{"start":{"line":37,"column":0},"end":{"line":null,"column":-1}},"2":{"start":{"line":45,"column":0},"end":{"line":null,"column":-1}},"3":{"start":{"line":51,"column":0},"end":{"line":null,"column":-1}},"4":{"start":{"line":52,"column":0},"end":{"line":56,"column":0}},"5":{"start":{"line":53,"column":0},"end":{"line":null,"column":-1}},"6":{"start":{"line":55,"column":0},"end":{"line":null,"column":-1}},"7":{"start":{"line":57,"column":0},"end":{"line":null,"column":-1}}},"fnMap":{"0":{"name":"(anonymous_1)","decl":{"start":{"line":33,"column":0},"end":{"line":null,"column":-1}},"loc":{"start":{"line":33,"column":0},"end":{"line":null,"column":-1}}},"1":{"name":"(anonymous_2)","decl":{"start":{"line":51,"column":0},"end":{"line":null,"column":-1}},"loc":{"start":{"line":51,"column":0},"end":{"line":null,"column":-1}}}},"branchMap":{"0":{"loc":{"start":{"line":52,"column":0},"end":{"line":56,"column":0}},"type":"if","locations":[{"start":{"line":52,"column":0},"end":{"line":56,"column":0}},{"start":{"line":52,"column":0},"end":{"line":56,"column":0}}]}},"s":{"0":5,"1":5,"2":9,"3":3,"4":2,"5":1,"6":1,"7":2},"f":{"0":5,"1":1},"b":{"0":[1,1]}}
,"/Users/yoonchiho/Documents/personal/homeworks/requirement-form/src/components/Forms/Radio.vue": {"path":"/Users/yoonchiho/Documents/personal/homeworks/requirement-form/src/components/Forms/Radio.vue","statementMap":{"0":{"start":{"line":37,"column":0},"end":{"line":null,"column":-1}}},"fnMap":{},"branchMap":{},"s":{"0":1},"f":{},"b":{}}
,"/Users/yoonchiho/Documents/personal/homeworks/requirement-form/src/components/Forms/SelectBox.vue": {"path":"/Users/yoonchiho/Documents/personal/homeworks/requirement-form/src/components/Forms/SelectBox.vue","statementMap":{"0":{"start":{"line":37,"column":0},"end":{"line":null,"column":-1}}},"fnMap":{},"branchMap":{},"s":{"0":1},"f":{},"b":{}}
,"/Users/yoonchiho/Documents/personal/homeworks/requirement-form/src/components/Forms/TextInput.vue": {"path":"/Users/yoonchiho/Documents/personal/homeworks/requirement-form/src/components/Forms/TextInput.vue","statementMap":{"0":{"start":{"line":19,"column":0},"end":{"line":null,"column":-1}},"1":{"start":{"line":27,"column":0},"end":{"line":null,"column":-1}},"2":{"start":{"line":33,"column":0},"end":{"line":null,"column":-1}}},"fnMap":{},"branchMap":{},"s":{"0":1,"1":1,"2":1},"f":{},"b":{}}
,"/Users/yoonchiho/Documents/personal/homeworks/requirement-form/src/config/constants.js": {"path":"/Users/yoonchiho/Documents/personal/homeworks/requirement-form/src/config/constants.js","statementMap":{"0":{"start":{"line":1,"column":26},"end":{"line":6,"column":1}}},"fnMap":{},"branchMap":{},"s":{"0":2},"f":{},"b":{},"_coverageSchema":"332fd63041d2c1bcb487cc26dd0d5f7d97098a6c","hash":"a327c6807bd298b89c1307c3bd04958c49e588a2"}
,"/Users/yoonchiho/Documents/personal/homeworks/requirement-form/src/utils/alert.js": {"path":"/Users/yoonchiho/Documents/personal/homeworks/requirement-form/src/utils/alert.js","statementMap":{"0":{"start":{"line":1,"column":28},"end":{"line":3,"column":1}},"1":{"start":{"line":2,"column":2},"end":{"line":2,"column":21}}},"fnMap":{"0":{"name":"(anonymous_0)","decl":{"start":{"line":1,"column":28},"end":{"line":1,"column":29}},"loc":{"start":{"line":1,"column":34},"end":{"line":3,"column":1}},"line":1}},"branchMap":{},"s":{"0":1,"1":5},"f":{"0":5},"b":{},"_coverageSchema":"332fd63041d2c1bcb487cc26dd0d5f7d97098a6c","hash":"ccfef2400919865f75ff73ebd53ed981edad38d9"}
}
