TN:
SF:/Users/yoonchiho/Documents/personal/homeworks/requirement-form/src/components/FormWrapper.vue
FN:38,(anonymous_1)
FN:39,(anonymous_3)
FN:40,(anonymous_5)
FN:41,(anonymous_7)
FN:64,(anonymous_9)
FN:75,(anonymous_10)
FNF:6
FNH:6
FNDA:4,(anonymous_1)
FNDA:2,(anonymous_3)
FNDA:2,(anonymous_5)
FNDA:2,(anonymous_7)
FNDA:3,(anonymous_9)
FNDA:1,(anonymous_10)
DA:23,2
DA:38,4
DA:39,2
DA:40,2
DA:41,2
DA:44,3
DA:50,8
DA:51,4
DA:52,2
DA:53,1
DA:54,1
DA:55,0
DA:61,17
DA:62,13
DA:64,7
DA:65,4
DA:68,2
DA:69,1
DA:74,2
DA:75,3
DA:76,2
DA:77,1
DA:79,1
DA:84,2
DA:85,2
LF:25
LH:24
BRDA:51,0,0,4
BRDA:51,0,1,2
BRDA:51,0,2,1
BRDA:51,0,3,1
BRDA:51,0,4,0
BRDA:61,1,0,13
BRDA:61,1,1,4
BRDA:65,2,0,3
BRDA:65,2,1,1
BRDA:68,3,0,1
BRDA:68,3,1,1
BRDA:76,4,0,1
BRDA:76,4,1,1
BRF:13
BRH:12
end_of_record
TN:
SF:/Users/yoonchiho/Documents/personal/homeworks/requirement-form/src/components/Main.vue
FN:25,(anonymous_1)
FN:26,(anonymous_3)
FN:47,(anonymous_5)
FN:65,(anonymous_6)
FNF:4
FNH:4
FNDA:2,(anonymous_1)
FNDA:2,(anonymous_3)
FNDA:36,(anonymous_5)
FNDA:8,(anonymous_6)
DA:19,1
DA:20,1
DA:25,2
DA:26,2
DA:29,2
DA:37,7
DA:42,16
DA:43,16
DA:44,1
DA:45,1
DA:47,51
DA:48,15
DA:49,4
DA:50,4
DA:52,11
DA:55,5
DA:56,0
DA:58,5
DA:59,5
DA:62,2
DA:63,0
DA:65,2
DA:66,8
DA:67,8
DA:72,2
DA:76,2
DA:77,2
LF:27
LH:25
BRDA:43,0,0,1
BRDA:43,0,1,15
BRDA:48,1,0,4
BRDA:48,1,1,11
BRDA:48,2,0,16
BRDA:48,2,1,29
BRDA:55,3,0,0
BRDA:55,3,1,5
BRDA:55,4,0,5
BRDA:55,4,1,4
BRDA:62,5,0,0
BRDA:62,5,1,2
BRDA:66,6,0,0
BRDA:66,6,1,8
BRF:14
BRH:11
end_of_record
TN:
SF:/Users/yoonchiho/Documents/personal/homeworks/requirement-form/src/components/Forms/CheckBox.vue
FN:33,(anonymous_1)
FN:51,(anonymous_2)
FNF:2
FNH:2
FNDA:5,(anonymous_1)
FNDA:1,(anonymous_2)
DA:33,5
DA:37,5
DA:45,9
DA:51,3
DA:52,2
DA:53,1
DA:55,1
DA:57,2
LF:8
LH:8
BRDA:52,0,0,1
BRDA:52,0,1,1
BRF:2
BRH:2
end_of_record
TN:
SF:/Users/yoonchiho/Documents/personal/homeworks/requirement-form/src/components/Forms/Radio.vue
FNF:0
FNH:0
DA:37,1
LF:1
LH:1
BRF:0
BRH:0
end_of_record
TN:
SF:/Users/yoonchiho/Documents/personal/homeworks/requirement-form/src/components/Forms/SelectBox.vue
FNF:0
FNH:0
DA:37,1
LF:1
LH:1
BRF:0
BRH:0
end_of_record
TN:
SF:/Users/yoonchiho/Documents/personal/homeworks/requirement-form/src/components/Forms/TextInput.vue
FNF:0
FNH:0
DA:19,1
DA:27,1
DA:33,1
LF:3
LH:3
BRF:0
BRH:0
end_of_record
TN:
SF:/Users/yoonchiho/Documents/personal/homeworks/requirement-form/src/config/constants.js
FNF:0
FNH:0
DA:1,2
LF:1
LH:1
BRF:0
BRH:0
end_of_record
TN:
SF:/Users/yoonchiho/Documents/personal/homeworks/requirement-form/src/utils/alert.js
FN:1,(anonymous_0)
FNF:1
FNH:1
FNDA:5,(anonymous_0)
DA:1,1
DA:2,5
LF:2
LH:2
BRF:0
BRH:0
end_of_record
